<?xml version="1.0" encoding="UTF-8"?>
<testsuite name="me.macao.test.BusinessTest" tests="14" skipped="0" failures="0" errors="0" timestamp="2024-04-13T14:10:48" hostname="lndn.local" time="0.503">
  <properties/>
  <testcase name="catNotFoundTest()" classname="me.macao.test.BusinessTest" time="0.418"/>
  <testcase name="incorrectEmailTest()" classname="me.macao.test.BusinessTest" time="0.002"/>
  <testcase name="createFriendshipRequestTest()" classname="me.macao.test.BusinessTest" time="0.046"/>
  <testcase name="incorrectLoginTest()" classname="me.macao.test.BusinessTest" time="0.002"/>
  <testcase name="secondLoginFallsTest()" classname="me.macao.test.BusinessTest" time="0.002"/>
  <testcase name="incorrectPasswordTest()" classname="me.macao.test.BusinessTest" time="0.002"/>
  <testcase name="changeCatTest()" classname="me.macao.test.BusinessTest" time="0.002"/>
  <testcase name="friendDropTest()" classname="me.macao.test.BusinessTest" time="0.006"/>
  <testcase name="getAllCatsTest()" classname="me.macao.test.BusinessTest" time="0.005"/>
  <testcase name="unableToCreateCatBeforeSpecifyingUserTest()" classname="me.macao.test.BusinessTest" time="0.001"/>
  <testcase name="friendCreateTest1()" classname="me.macao.test.BusinessTest" time="0.003"/>
  <testcase name="friendCreateTest2()" classname="me.macao.test.BusinessTest" time="0.003"/>
  <testcase name="catCreateTest()" classname="me.macao.test.BusinessTest" time="0.002"/>
  <testcase name="userCreateTest()" classname="me.macao.test.BusinessTest" time="0.001"/>
  <system-out><![CDATA[]]></system-out>
  <system-err><![CDATA[WARNING: A Java agent has been loaded dynamically (/Users/m/.gradle/caches/modules-2/files-2.1/net.bytebuddy/byte-buddy-agent/1.14.12/be4984cb6fd1ef1d11f218a648889dfda44b8a15/byte-buddy-agent-1.14.12.jar)
WARNING: If a serviceability tool is in use, please run with -XX:+EnableDynamicAgentLoading to hide this warning
WARNING: If a serviceability tool is not in use, please run with -Djdk.instrument.traceUsage for more information
WARNING: Dynamic loading of agents will be disallowed by default in a future release
]]></system-err>
</testsuite>
